<!DOCTYPE html PUBLIC "-//W3C//DTD XHTML 1.1//EN" "http://www.w3.org/TR/xhtml11/DTD/xhtml11.dtd">
<html xmlns="http://www.w3.org/1999/xhtml">
<head>
<meta http-equiv="content-type" content="text/html; charset=UTF-8"/>
<title>TestNG Report</title>
<style type="text/css">table {margin-bottom:10px;border-collapse:collapse;empty-cells:show}th,td {border:1px solid #009;padding:.25em .5em}th {vertical-align:bottom}td {vertical-align:top}table a {font-weight:bold}.stripe td {background-color: #E6EBF9}.num {text-align:right}.passedodd td {background-color: #3F3}.passedeven td {background-color: #0A0}.skippedodd td {background-color: #DDD}.skippedeven td {background-color: #CCC}.failedodd td,.attn {background-color: #F33}.failedeven td,.stripe .attn {background-color: #D00}.stacktrace {white-space:pre;font-family:monospace}.totop {font-size:85%;text-align:center;border-bottom:2px solid #000}.invisible {display:none}</style>
</head>
<body>
<table>
<tr><th>Test</th><th># Passed</th><th># Skipped</th><th># Failed</th><th>Time (ms)</th><th>Included Groups</th><th>Excluded Groups</th></tr>
<tr><th colspan="7">apiframework</th></tr>
<tr><td><a href="#t0">api testing</a></td><td class="num">2</td><td class="num">0</td><td class="num attn">1</td><td class="num">13,435</td><td></td><td></td></tr>
</table>
<table id='summary'><thead><tr><th>Class</th><th>Method</th><th>Start</th><th>Time (ms)</th></tr></thead><tbody><tr><th colspan="4">apiframework</th></tr></tbody><tbody id="t0"><tr><th colspan="4">api testing &#8212; failed</th></tr><tr class="failedeven"><td rowspan="1">Runner</td><td><a href="#m0">feature</a></td><td rowspan="1">1567321743831</td><td rowspan="1">4466</td></tr><tr><th colspan="4">api testing &#8212; passed</th></tr><tr class="passedeven"><td rowspan="2">Runner</td><td><a href="#m1">feature</a></td><td rowspan="2">1567321735605</td><td rowspan="2">7966</td></tr><tr class="passedeven"><td><a href="#m2">feature</a></td></tr></tbody>
</table>
<h2>api testing</h2><h3 id="m0">Runner#feature</h3><table class="result"><tr class="param"><th>Parameter #1</th></tr><tr class="param stripe"><td>to validate user creation and updation</td></tr><tr><th>Exception</th></tr><tr><td><div class="stacktrace">cucumber.runtime.CucumberException: java.lang.AssertionError: Status check FAILED expected [200] but found [404]
	at cucumber.api.testng.TestNGCucumberRunner.runCucumber(TestNGCucumberRunner.java:69)
	at cucumber.api.testng.AbstractTestNGCucumberTests.feature(AbstractTestNGCucumberTests.java:21)
Caused by: java.lang.AssertionError: Status check FAILED expected [200] but found [404]
	at reqres.helpers.HelperTestMethods.checkStatusIs200(HelperTestMethods.java:15)
	at reqres.e2e.steps.user.ValidateUser.the_user_should_be_validated(ValidateUser.java:90)
	at âœ½.Then the user should be validated(user/ValidateUser.feature:20)
... Removed 34 stack frames</div></td></tr></table><p class="totop"><a href="#summary">back to summary</a></p>
<h3 id="m1">Runner#feature</h3><table class="result"><tr class="param"><th>Parameter #1</th></tr><tr class="param stripe"><td>to validate user creation and updation</td></tr></table><p class="totop"><a href="#summary">back to summary</a></p>
<h3 id="m2">Runner#feature</h3><table class="result"><tr class="param"><th>Parameter #1</th></tr><tr class="param stripe"><td>to validate user details</td></tr></table><p class="totop"><a href="#summary">back to summary</a></p>
</body>
</html>
